Release 14.7 - xst P.20131013 (nt64)
Copyright (c) 1995-2013 Xilinx, Inc.  All rights reserved.
--> Parameter TMPDIR set to xst/projnav.tmp


Total REAL time to Xst completion: 0.00 secs
Total CPU time to Xst completion: 0.12 secs
 
--> Parameter xsthdpdir set to xst


Total REAL time to Xst completion: 0.00 secs
Total CPU time to Xst completion: 0.12 secs
 
--> Reading design: square_root.prj

TABLE OF CONTENTS
  1) Synthesis Options Summary
  2) HDL Parsing
  3) HDL Elaboration
  4) HDL Synthesis
       4.1) HDL Synthesis Report
  5) Advanced HDL Synthesis
       5.1) Advanced HDL Synthesis Report
  6) Low Level Synthesis
  7) Partition Report
  8) Design Summary
       8.1) Primitive and Black Box Usage
       8.2) Device utilization summary
       8.3) Partition Resource Summary
       8.4) Timing Report
            8.4.1) Clock Information
            8.4.2) Asynchronous Control Signals Information
            8.4.3) Timing Summary
            8.4.4) Timing Details
            8.4.5) Cross Clock Domains Report


=========================================================================
*                      Synthesis Options Summary                        *
=========================================================================
---- Source Parameters
Input File Name                    : "square_root.prj"
Ignore Synthesis Constraint File   : NO

---- Target Parameters
Output File Name                   : "square_root"
Output Format                      : NGC
Target Device                      : xc7a100t-3-csg324

---- Source Options
Top Module Name                    : square_root
Automatic FSM Extraction           : YES
FSM Encoding Algorithm             : Auto
Safe Implementation                : No
FSM Style                          : LUT
RAM Extraction                     : Yes
RAM Style                          : Auto
ROM Extraction                     : Yes
Shift Register Extraction          : YES
ROM Style                          : Auto
Resource Sharing                   : YES
Asynchronous To Synchronous        : NO
Shift Register Minimum Size        : 2
Use DSP Block                      : Auto
Automatic Register Balancing       : No

---- Target Options
LUT Combining                      : Auto
Reduce Control Sets                : Auto
Add IO Buffers                     : YES
Global Maximum Fanout              : 100000
Add Generic Clock Buffer(BUFG)     : 32
Register Duplication               : YES
Optimize Instantiated Primitives   : NO
Use Clock Enable                   : Auto
Use Synchronous Set                : Auto
Use Synchronous Reset              : Auto
Pack IO Registers into IOBs        : Auto
Equivalent register Removal        : YES

---- General Options
Optimization Goal                  : Speed
Optimization Effort                : 1
Power Reduction                    : NO
Keep Hierarchy                     : No
Netlist Hierarchy                  : As_Optimized
RTL Output                         : Yes
Global Optimization                : AllClockNets
Read Cores                         : YES
Write Timing Constraints           : NO
Cross Clock Analysis               : NO
Hierarchy Separator                : /
Bus Delimiter                      : <>
Case Specifier                     : Maintain
Slice Utilization Ratio            : 100
BRAM Utilization Ratio             : 100
DSP48 Utilization Ratio            : 100
Auto BRAM Packing                  : NO
Slice Utilization Ratio Delta      : 5

=========================================================================


=========================================================================
*                          HDL Parsing                                  *
=========================================================================
Analyzing Verilog file "D:\Facultate anu 3 sem 1\AC\tema1_bun\tema1_bun\square_root.v" into library work
Parsing module <square_root>.

=========================================================================
*                            HDL Elaboration                            *
=========================================================================

Elaborating module <square_root>.

=========================================================================
*                           HDL Synthesis                               *
=========================================================================

Synthesizing Unit <square_root>.
    Related source file is "D:\Facultate anu 3 sem 1\AC\tema1_bun\tema1_bun\square_root.v".
    Found 16-bit subtractor for signal <GND_1_o_GND_1_o_sub_6_OUT> created at line 43.
    Found 16-bit subtractor for signal <GND_1_o_GND_1_o_sub_11_OUT> created at line 43.
    Found 16-bit subtractor for signal <GND_1_o_GND_1_o_sub_16_OUT> created at line 43.
    Found 16-bit subtractor for signal <GND_1_o_GND_1_o_sub_21_OUT> created at line 43.
    Found 16-bit subtractor for signal <GND_1_o_GND_1_o_sub_26_OUT> created at line 43.
    Found 16-bit subtractor for signal <GND_1_o_GND_1_o_sub_31_OUT> created at line 43.
    Found 16-bit subtractor for signal <GND_1_o_GND_1_o_sub_36_OUT> created at line 43.
    Found 16-bit subtractor for signal <GND_1_o_GND_1_o_sub_41_OUT> created at line 43.
    Found 16-bit subtractor for signal <GND_1_o_GND_1_o_sub_46_OUT> created at line 43.
    Found 16-bit adder for signal <GND_1_o_GND_1_o_add_2_OUT> created at line 40.
    Found 16-bit adder for signal <GND_1_o_GND_1_o_add_7_OUT> created at line 40.
    Found 16-bit adder for signal <GND_1_o_GND_1_o_add_12_OUT> created at line 40.
    Found 16-bit adder for signal <GND_1_o_GND_1_o_add_17_OUT> created at line 40.
    Found 16-bit adder for signal <GND_1_o_GND_1_o_add_22_OUT> created at line 40.
    Found 16-bit adder for signal <GND_1_o_GND_1_o_add_27_OUT> created at line 40.
    Found 16-bit adder for signal <GND_1_o_GND_1_o_add_32_OUT> created at line 40.
    Found 16-bit adder for signal <GND_1_o_GND_1_o_add_37_OUT> created at line 40.
    Found 16-bit adder for signal <GND_1_o_GND_1_o_add_42_OUT> created at line 40.
    Found 16x16-bit multiplier for signal <GND_1_o_GND_1_o_MuLt_3_OUT> created at line 42.
    Found 16x16-bit multiplier for signal <GND_1_o_GND_1_o_MuLt_8_OUT> created at line 42.
    Found 16x16-bit multiplier for signal <GND_1_o_GND_1_o_MuLt_13_OUT> created at line 42.
    Found 16x16-bit multiplier for signal <GND_1_o_GND_1_o_MuLt_18_OUT> created at line 42.
    Found 16x16-bit multiplier for signal <GND_1_o_GND_1_o_MuLt_23_OUT> created at line 42.
    Found 16x16-bit multiplier for signal <GND_1_o_GND_1_o_MuLt_28_OUT> created at line 42.
    Found 16x16-bit multiplier for signal <GND_1_o_GND_1_o_MuLt_33_OUT> created at line 42.
    Found 16x16-bit multiplier for signal <GND_1_o_GND_1_o_MuLt_38_OUT> created at line 42.
    Found 16x16-bit multiplier for signal <GND_1_o_GND_1_o_MuLt_43_OUT> created at line 42.
    Found 22-bit comparator greater for signal <in[7]_GND_1_o_LessThan_1_o> created at line 42
    Found 32-bit comparator greater for signal <GND_1_o_GND_1_o_LessThan_5_o> created at line 42
    Found 32-bit comparator greater for signal <GND_1_o_GND_1_o_LessThan_10_o> created at line 42
    Found 32-bit comparator greater for signal <GND_1_o_GND_1_o_LessThan_15_o> created at line 42
    Found 32-bit comparator greater for signal <GND_1_o_GND_1_o_LessThan_20_o> created at line 42
    Found 32-bit comparator greater for signal <GND_1_o_GND_1_o_LessThan_25_o> created at line 42
    Found 32-bit comparator greater for signal <GND_1_o_GND_1_o_LessThan_30_o> created at line 42
    Found 32-bit comparator greater for signal <GND_1_o_GND_1_o_LessThan_35_o> created at line 42
    Found 32-bit comparator greater for signal <GND_1_o_GND_1_o_LessThan_40_o> created at line 42
    Found 32-bit comparator greater for signal <GND_1_o_GND_1_o_LessThan_45_o> created at line 42
    Summary:
	inferred   9 Multiplier(s).
	inferred  18 Adder/Subtractor(s).
	inferred  10 Comparator(s).
	inferred   9 Multiplexer(s).
Unit <square_root> synthesized.

=========================================================================
HDL Synthesis Report

Macro Statistics
# Multipliers                                          : 9
 16x16-bit multiplier                                  : 9
# Adders/Subtractors                                   : 18
 16-bit adder                                          : 9
 16-bit subtractor                                     : 9
# Comparators                                          : 10
 22-bit comparator greater                             : 1
 32-bit comparator greater                             : 9
# Multiplexers                                         : 9
 16-bit 2-to-1 multiplexer                             : 9

=========================================================================

=========================================================================
*                       Advanced HDL Synthesis                          *
=========================================================================


Synthesizing (advanced) Unit <square_root>.
	Adder/Subtractor <Madd_GND_1_o_GND_1_o_add_2_OUT> in block <square_root> and  <Mmult_GND_1_o_GND_1_o_MuLt_3_OUT> in block <square_root> are combined into a MULT with pre-adder <Mmult_GND_1_o_GND_1_o_MuLt_3_OUT1>.
Unit <square_root> synthesized (advanced).

=========================================================================
Advanced HDL Synthesis Report

Macro Statistics
# MACs                                                 : 1
 16x16-to-32-bit Mult with pre-adder                   : 1
# Multipliers                                          : 8
 16x16-bit multiplier                                  : 8
# Adders/Subtractors                                   : 18
 16-bit adder                                          : 9
 16-bit subtractor                                     : 9
# Comparators                                          : 10
 22-bit comparator greater                             : 1
 32-bit comparator greater                             : 9
# Multiplexers                                         : 9
 16-bit 2-to-1 multiplexer                             : 9

=========================================================================

=========================================================================
*                         Low Level Synthesis                           *
=========================================================================

Optimizing unit <square_root> ...

Mapping all equations...
Building and optimizing final netlist ...
Found area constraint ratio of 100 (+ 5) on block square_root, actual ratio is 0.

Final Macro Processing ...

=========================================================================
Final Register Report

Found no macro
=========================================================================

=========================================================================
*                           Partition Report                            *
=========================================================================

Partition Implementation Status
-------------------------------

  No Partitions were found in this design.

-------------------------------

=========================================================================
*                            Design Summary                             *
=========================================================================

Top Level Output File Name         : square_root.ngc

Primitive and Black Box Usage:
------------------------------
# BELS                             : 201
#      GND                         : 1
#      LUT2                        : 1
#      LUT4                        : 72
#      LUT5                        : 45
#      MUXCY                       : 81
#      VCC                         : 1
# IO Buffers                       : 24
#      IBUF                        : 8
#      OBUF                        : 16
# DSPs                             : 9
#      DSP48E1                     : 9

Device utilization summary:
---------------------------

Selected Device : 7a100tcsg324-3 


Slice Logic Utilization: 
 Number of Slice LUTs:                  118  out of  63400     0%  
    Number used as Logic:               118  out of  63400     0%  

Slice Logic Distribution: 
 Number of LUT Flip Flop pairs used:    118
   Number with an unused Flip Flop:     118  out of    118   100%  
   Number with an unused LUT:             0  out of    118     0%  
   Number of fully used LUT-FF pairs:     0  out of    118     0%  
   Number of unique control sets:         0

IO Utilization: 
 Number of IOs:                          24
 Number of bonded IOBs:                  24  out of    210    11%  

Specific Feature Utilization:
 Number of DSP48E1s:                      9  out of    240     3%  

---------------------------
Partition Resource Summary:
---------------------------

  No Partitions were found in this design.

---------------------------


=========================================================================
Timing Report

NOTE: THESE TIMING NUMBERS ARE ONLY A SYNTHESIS ESTIMATE.
      FOR ACCURATE TIMING INFORMATION PLEASE REFER TO THE TRACE REPORT
      GENERATED AFTER PLACE-and-ROUTE.

Clock Information:
------------------
No clock signals found in this design

Asynchronous Control Signals Information:
----------------------------------------
No asynchronous control signals found in this design

Timing Summary:
---------------
Speed Grade: -3

   Minimum period: No path found
   Minimum input arrival time before clock: No path found
   Maximum output required time after clock: No path found
   Maximum combinational path delay: 43.998ns

Timing Details:
---------------
All values displayed in nanoseconds (ns)

=========================================================================
Timing constraint: Default path analysis
  Total number of paths / destination ports: 410356657904356860 / 10
-------------------------------------------------------------------------
Delay:               43.998ns (Levels of Logic = 102)
  Source:            in<7> (PAD)
  Destination:       out<1> (PAD)

  Data Path: in<7> to out<1>
                                Gate     Net
    Cell:in->out      fanout   Delay   Delay  Logical Name (Net Name)
    ----------------------------------------  ------------
     IBUF:I->O            19   0.001   0.463  in_7_IBUF (in_7_IBUF)
     LUT2:I0->O           19   0.097   0.363  _n01161 (out_10_OBUF)
     DSP48E1:D10->P0       1   3.717   0.683  Mmult_GND_1_o_GND_1_o_MuLt_3_OUT1 (GND_1_o_GND_1_o_MuLt_3_OUT<0>)
     LUT5:I0->O            1   0.097   0.000  Mcompar_GND_1_o_GND_1_o_LessThan_5_o_lut<0> (Mcompar_GND_1_o_GND_1_o_LessThan_5_o_lut<0>)
     MUXCY:S->O            1   0.353   0.000  Mcompar_GND_1_o_GND_1_o_LessThan_5_o_cy<0> (Mcompar_GND_1_o_GND_1_o_LessThan_5_o_cy<0>)
     MUXCY:CI->O           1   0.023   0.000  Mcompar_GND_1_o_GND_1_o_LessThan_5_o_cy<1> (Mcompar_GND_1_o_GND_1_o_LessThan_5_o_cy<1>)
     MUXCY:CI->O           1   0.023   0.000  Mcompar_GND_1_o_GND_1_o_LessThan_5_o_cy<2> (Mcompar_GND_1_o_GND_1_o_LessThan_5_o_cy<2>)
     MUXCY:CI->O           1   0.023   0.000  Mcompar_GND_1_o_GND_1_o_LessThan_5_o_cy<3> (Mcompar_GND_1_o_GND_1_o_LessThan_5_o_cy<3>)
     MUXCY:CI->O           1   0.023   0.000  Mcompar_GND_1_o_GND_1_o_LessThan_5_o_cy<4> (Mcompar_GND_1_o_GND_1_o_LessThan_5_o_cy<4>)
     MUXCY:CI->O           1   0.023   0.000  Mcompar_GND_1_o_GND_1_o_LessThan_5_o_cy<5> (Mcompar_GND_1_o_GND_1_o_LessThan_5_o_cy<5>)
     MUXCY:CI->O           1   0.023   0.000  Mcompar_GND_1_o_GND_1_o_LessThan_5_o_cy<6> (Mcompar_GND_1_o_GND_1_o_LessThan_5_o_cy<6>)
     MUXCY:CI->O           1   0.023   0.000  Mcompar_GND_1_o_GND_1_o_LessThan_5_o_cy<7> (Mcompar_GND_1_o_GND_1_o_LessThan_5_o_cy<7>)
     MUXCY:CI->O          17   0.253   0.354  Mcompar_GND_1_o_GND_1_o_LessThan_5_o_cy<8> (Mcompar_GND_1_o_GND_1_o_LessThan_5_o_cy<8>)
     DSP48E1:A9->P0        1   2.823   0.683  Mmult_GND_1_o_GND_1_o_MuLt_8_OUT (GND_1_o_GND_1_o_MuLt_8_OUT<0>)
     LUT5:I0->O            1   0.097   0.000  Mcompar_GND_1_o_GND_1_o_LessThan_10_o_lut<0> (Mcompar_GND_1_o_GND_1_o_LessThan_10_o_lut<0>)
     MUXCY:S->O            1   0.353   0.000  Mcompar_GND_1_o_GND_1_o_LessThan_10_o_cy<0> (Mcompar_GND_1_o_GND_1_o_LessThan_10_o_cy<0>)
     MUXCY:CI->O           1   0.023   0.000  Mcompar_GND_1_o_GND_1_o_LessThan_10_o_cy<1> (Mcompar_GND_1_o_GND_1_o_LessThan_10_o_cy<1>)
     MUXCY:CI->O           1   0.023   0.000  Mcompar_GND_1_o_GND_1_o_LessThan_10_o_cy<2> (Mcompar_GND_1_o_GND_1_o_LessThan_10_o_cy<2>)
     MUXCY:CI->O           1   0.023   0.000  Mcompar_GND_1_o_GND_1_o_LessThan_10_o_cy<3> (Mcompar_GND_1_o_GND_1_o_LessThan_10_o_cy<3>)
     MUXCY:CI->O           1   0.023   0.000  Mcompar_GND_1_o_GND_1_o_LessThan_10_o_cy<4> (Mcompar_GND_1_o_GND_1_o_LessThan_10_o_cy<4>)
     MUXCY:CI->O           1   0.023   0.000  Mcompar_GND_1_o_GND_1_o_LessThan_10_o_cy<5> (Mcompar_GND_1_o_GND_1_o_LessThan_10_o_cy<5>)
     MUXCY:CI->O           1   0.023   0.000  Mcompar_GND_1_o_GND_1_o_LessThan_10_o_cy<6> (Mcompar_GND_1_o_GND_1_o_LessThan_10_o_cy<6>)
     MUXCY:CI->O           1   0.023   0.000  Mcompar_GND_1_o_GND_1_o_LessThan_10_o_cy<7> (Mcompar_GND_1_o_GND_1_o_LessThan_10_o_cy<7>)
     MUXCY:CI->O          15   0.253   0.344  Mcompar_GND_1_o_GND_1_o_LessThan_10_o_cy<8> (Mcompar_GND_1_o_GND_1_o_LessThan_10_o_cy<8>)
     DSP48E1:A8->P0        1   2.823   0.683  Mmult_GND_1_o_GND_1_o_MuLt_13_OUT (GND_1_o_GND_1_o_MuLt_13_OUT<0>)
     LUT5:I0->O            1   0.097   0.000  Mcompar_GND_1_o_GND_1_o_LessThan_15_o_lut<0> (Mcompar_GND_1_o_GND_1_o_LessThan_15_o_lut<0>)
     MUXCY:S->O            1   0.353   0.000  Mcompar_GND_1_o_GND_1_o_LessThan_15_o_cy<0> (Mcompar_GND_1_o_GND_1_o_LessThan_15_o_cy<0>)
     MUXCY:CI->O           1   0.023   0.000  Mcompar_GND_1_o_GND_1_o_LessThan_15_o_cy<1> (Mcompar_GND_1_o_GND_1_o_LessThan_15_o_cy<1>)
     MUXCY:CI->O           1   0.023   0.000  Mcompar_GND_1_o_GND_1_o_LessThan_15_o_cy<2> (Mcompar_GND_1_o_GND_1_o_LessThan_15_o_cy<2>)
     MUXCY:CI->O           1   0.023   0.000  Mcompar_GND_1_o_GND_1_o_LessThan_15_o_cy<3> (Mcompar_GND_1_o_GND_1_o_LessThan_15_o_cy<3>)
     MUXCY:CI->O           1   0.023   0.000  Mcompar_GND_1_o_GND_1_o_LessThan_15_o_cy<4> (Mcompar_GND_1_o_GND_1_o_LessThan_15_o_cy<4>)
     MUXCY:CI->O           1   0.023   0.000  Mcompar_GND_1_o_GND_1_o_LessThan_15_o_cy<5> (Mcompar_GND_1_o_GND_1_o_LessThan_15_o_cy<5>)
     MUXCY:CI->O           1   0.023   0.000  Mcompar_GND_1_o_GND_1_o_LessThan_15_o_cy<6> (Mcompar_GND_1_o_GND_1_o_LessThan_15_o_cy<6>)
     MUXCY:CI->O           1   0.023   0.000  Mcompar_GND_1_o_GND_1_o_LessThan_15_o_cy<7> (Mcompar_GND_1_o_GND_1_o_LessThan_15_o_cy<7>)
     MUXCY:CI->O          13   0.253   0.335  Mcompar_GND_1_o_GND_1_o_LessThan_15_o_cy<8> (Mcompar_GND_1_o_GND_1_o_LessThan_15_o_cy<8>)
     DSP48E1:A7->P0        1   2.823   0.683  Mmult_GND_1_o_GND_1_o_MuLt_18_OUT (GND_1_o_GND_1_o_MuLt_18_OUT<0>)
     LUT5:I0->O            1   0.097   0.000  Mcompar_GND_1_o_GND_1_o_LessThan_20_o_lut<0> (Mcompar_GND_1_o_GND_1_o_LessThan_20_o_lut<0>)
     MUXCY:S->O            1   0.353   0.000  Mcompar_GND_1_o_GND_1_o_LessThan_20_o_cy<0> (Mcompar_GND_1_o_GND_1_o_LessThan_20_o_cy<0>)
     MUXCY:CI->O           1   0.023   0.000  Mcompar_GND_1_o_GND_1_o_LessThan_20_o_cy<1> (Mcompar_GND_1_o_GND_1_o_LessThan_20_o_cy<1>)
     MUXCY:CI->O           1   0.023   0.000  Mcompar_GND_1_o_GND_1_o_LessThan_20_o_cy<2> (Mcompar_GND_1_o_GND_1_o_LessThan_20_o_cy<2>)
     MUXCY:CI->O           1   0.023   0.000  Mcompar_GND_1_o_GND_1_o_LessThan_20_o_cy<3> (Mcompar_GND_1_o_GND_1_o_LessThan_20_o_cy<3>)
     MUXCY:CI->O           1   0.023   0.000  Mcompar_GND_1_o_GND_1_o_LessThan_20_o_cy<4> (Mcompar_GND_1_o_GND_1_o_LessThan_20_o_cy<4>)
     MUXCY:CI->O           1   0.023   0.000  Mcompar_GND_1_o_GND_1_o_LessThan_20_o_cy<5> (Mcompar_GND_1_o_GND_1_o_LessThan_20_o_cy<5>)
     MUXCY:CI->O           1   0.023   0.000  Mcompar_GND_1_o_GND_1_o_LessThan_20_o_cy<6> (Mcompar_GND_1_o_GND_1_o_LessThan_20_o_cy<6>)
     MUXCY:CI->O           1   0.023   0.000  Mcompar_GND_1_o_GND_1_o_LessThan_20_o_cy<7> (Mcompar_GND_1_o_GND_1_o_LessThan_20_o_cy<7>)
     MUXCY:CI->O          11   0.253   0.326  Mcompar_GND_1_o_GND_1_o_LessThan_20_o_cy<8> (Mcompar_GND_1_o_GND_1_o_LessThan_20_o_cy<8>)
     DSP48E1:A6->P0        1   2.823   0.683  Mmult_GND_1_o_GND_1_o_MuLt_23_OUT (GND_1_o_GND_1_o_MuLt_23_OUT<0>)
     LUT5:I0->O            1   0.097   0.000  Mcompar_GND_1_o_GND_1_o_LessThan_25_o_lut<0> (Mcompar_GND_1_o_GND_1_o_LessThan_25_o_lut<0>)
     MUXCY:S->O            1   0.353   0.000  Mcompar_GND_1_o_GND_1_o_LessThan_25_o_cy<0> (Mcompar_GND_1_o_GND_1_o_LessThan_25_o_cy<0>)
     MUXCY:CI->O           1   0.023   0.000  Mcompar_GND_1_o_GND_1_o_LessThan_25_o_cy<1> (Mcompar_GND_1_o_GND_1_o_LessThan_25_o_cy<1>)
     MUXCY:CI->O           1   0.023   0.000  Mcompar_GND_1_o_GND_1_o_LessThan_25_o_cy<2> (Mcompar_GND_1_o_GND_1_o_LessThan_25_o_cy<2>)
     MUXCY:CI->O           1   0.023   0.000  Mcompar_GND_1_o_GND_1_o_LessThan_25_o_cy<3> (Mcompar_GND_1_o_GND_1_o_LessThan_25_o_cy<3>)
     MUXCY:CI->O           1   0.023   0.000  Mcompar_GND_1_o_GND_1_o_LessThan_25_o_cy<4> (Mcompar_GND_1_o_GND_1_o_LessThan_25_o_cy<4>)
     MUXCY:CI->O           1   0.023   0.000  Mcompar_GND_1_o_GND_1_o_LessThan_25_o_cy<5> (Mcompar_GND_1_o_GND_1_o_LessThan_25_o_cy<5>)
     MUXCY:CI->O           1   0.023   0.000  Mcompar_GND_1_o_GND_1_o_LessThan_25_o_cy<6> (Mcompar_GND_1_o_GND_1_o_LessThan_25_o_cy<6>)
     MUXCY:CI->O           1   0.023   0.000  Mcompar_GND_1_o_GND_1_o_LessThan_25_o_cy<7> (Mcompar_GND_1_o_GND_1_o_LessThan_25_o_cy<7>)
     MUXCY:CI->O           9   0.253   0.316  Mcompar_GND_1_o_GND_1_o_LessThan_25_o_cy<8> (Mcompar_GND_1_o_GND_1_o_LessThan_25_o_cy<8>)
     DSP48E1:A5->P0        1   2.823   0.683  Mmult_GND_1_o_GND_1_o_MuLt_28_OUT (GND_1_o_GND_1_o_MuLt_28_OUT<0>)
     LUT5:I0->O            1   0.097   0.000  Mcompar_GND_1_o_GND_1_o_LessThan_30_o_lut<0> (Mcompar_GND_1_o_GND_1_o_LessThan_30_o_lut<0>)
     MUXCY:S->O            1   0.353   0.000  Mcompar_GND_1_o_GND_1_o_LessThan_30_o_cy<0> (Mcompar_GND_1_o_GND_1_o_LessThan_30_o_cy<0>)
     MUXCY:CI->O           1   0.023   0.000  Mcompar_GND_1_o_GND_1_o_LessThan_30_o_cy<1> (Mcompar_GND_1_o_GND_1_o_LessThan_30_o_cy<1>)
     MUXCY:CI->O           1   0.023   0.000  Mcompar_GND_1_o_GND_1_o_LessThan_30_o_cy<2> (Mcompar_GND_1_o_GND_1_o_LessThan_30_o_cy<2>)
     MUXCY:CI->O           1   0.023   0.000  Mcompar_GND_1_o_GND_1_o_LessThan_30_o_cy<3> (Mcompar_GND_1_o_GND_1_o_LessThan_30_o_cy<3>)
     MUXCY:CI->O           1   0.023   0.000  Mcompar_GND_1_o_GND_1_o_LessThan_30_o_cy<4> (Mcompar_GND_1_o_GND_1_o_LessThan_30_o_cy<4>)
     MUXCY:CI->O           1   0.023   0.000  Mcompar_GND_1_o_GND_1_o_LessThan_30_o_cy<5> (Mcompar_GND_1_o_GND_1_o_LessThan_30_o_cy<5>)
     MUXCY:CI->O           1   0.023   0.000  Mcompar_GND_1_o_GND_1_o_LessThan_30_o_cy<6> (Mcompar_GND_1_o_GND_1_o_LessThan_30_o_cy<6>)
     MUXCY:CI->O           1   0.023   0.000  Mcompar_GND_1_o_GND_1_o_LessThan_30_o_cy<7> (Mcompar_GND_1_o_GND_1_o_LessThan_30_o_cy<7>)
     MUXCY:CI->O           7   0.253   0.307  Mcompar_GND_1_o_GND_1_o_LessThan_30_o_cy<8> (Mcompar_GND_1_o_GND_1_o_LessThan_30_o_cy<8>)
     DSP48E1:A4->P0        1   2.823   0.683  Mmult_GND_1_o_GND_1_o_MuLt_33_OUT (GND_1_o_GND_1_o_MuLt_33_OUT<0>)
     LUT5:I0->O            1   0.097   0.000  Mcompar_GND_1_o_GND_1_o_LessThan_35_o_lut<0> (Mcompar_GND_1_o_GND_1_o_LessThan_35_o_lut<0>)
     MUXCY:S->O            1   0.353   0.000  Mcompar_GND_1_o_GND_1_o_LessThan_35_o_cy<0> (Mcompar_GND_1_o_GND_1_o_LessThan_35_o_cy<0>)
     MUXCY:CI->O           1   0.023   0.000  Mcompar_GND_1_o_GND_1_o_LessThan_35_o_cy<1> (Mcompar_GND_1_o_GND_1_o_LessThan_35_o_cy<1>)
     MUXCY:CI->O           1   0.023   0.000  Mcompar_GND_1_o_GND_1_o_LessThan_35_o_cy<2> (Mcompar_GND_1_o_GND_1_o_LessThan_35_o_cy<2>)
     MUXCY:CI->O           1   0.023   0.000  Mcompar_GND_1_o_GND_1_o_LessThan_35_o_cy<3> (Mcompar_GND_1_o_GND_1_o_LessThan_35_o_cy<3>)
     MUXCY:CI->O           1   0.023   0.000  Mcompar_GND_1_o_GND_1_o_LessThan_35_o_cy<4> (Mcompar_GND_1_o_GND_1_o_LessThan_35_o_cy<4>)
     MUXCY:CI->O           1   0.023   0.000  Mcompar_GND_1_o_GND_1_o_LessThan_35_o_cy<5> (Mcompar_GND_1_o_GND_1_o_LessThan_35_o_cy<5>)
     MUXCY:CI->O           1   0.023   0.000  Mcompar_GND_1_o_GND_1_o_LessThan_35_o_cy<6> (Mcompar_GND_1_o_GND_1_o_LessThan_35_o_cy<6>)
     MUXCY:CI->O           1   0.023   0.000  Mcompar_GND_1_o_GND_1_o_LessThan_35_o_cy<7> (Mcompar_GND_1_o_GND_1_o_LessThan_35_o_cy<7>)
     MUXCY:CI->O           5   0.253   0.298  Mcompar_GND_1_o_GND_1_o_LessThan_35_o_cy<8> (Mcompar_GND_1_o_GND_1_o_LessThan_35_o_cy<8>)
     DSP48E1:A3->P0        1   2.823   0.683  Mmult_GND_1_o_GND_1_o_MuLt_38_OUT (GND_1_o_GND_1_o_MuLt_38_OUT<0>)
     LUT5:I0->O            1   0.097   0.000  Mcompar_GND_1_o_GND_1_o_LessThan_40_o_lut<0> (Mcompar_GND_1_o_GND_1_o_LessThan_40_o_lut<0>)
     MUXCY:S->O            1   0.353   0.000  Mcompar_GND_1_o_GND_1_o_LessThan_40_o_cy<0> (Mcompar_GND_1_o_GND_1_o_LessThan_40_o_cy<0>)
     MUXCY:CI->O           1   0.023   0.000  Mcompar_GND_1_o_GND_1_o_LessThan_40_o_cy<1> (Mcompar_GND_1_o_GND_1_o_LessThan_40_o_cy<1>)
     MUXCY:CI->O           1   0.023   0.000  Mcompar_GND_1_o_GND_1_o_LessThan_40_o_cy<2> (Mcompar_GND_1_o_GND_1_o_LessThan_40_o_cy<2>)
     MUXCY:CI->O           1   0.023   0.000  Mcompar_GND_1_o_GND_1_o_LessThan_40_o_cy<3> (Mcompar_GND_1_o_GND_1_o_LessThan_40_o_cy<3>)
     MUXCY:CI->O           1   0.023   0.000  Mcompar_GND_1_o_GND_1_o_LessThan_40_o_cy<4> (Mcompar_GND_1_o_GND_1_o_LessThan_40_o_cy<4>)
     MUXCY:CI->O           1   0.023   0.000  Mcompar_GND_1_o_GND_1_o_LessThan_40_o_cy<5> (Mcompar_GND_1_o_GND_1_o_LessThan_40_o_cy<5>)
     MUXCY:CI->O           1   0.023   0.000  Mcompar_GND_1_o_GND_1_o_LessThan_40_o_cy<6> (Mcompar_GND_1_o_GND_1_o_LessThan_40_o_cy<6>)
     MUXCY:CI->O           1   0.023   0.000  Mcompar_GND_1_o_GND_1_o_LessThan_40_o_cy<7> (Mcompar_GND_1_o_GND_1_o_LessThan_40_o_cy<7>)
     MUXCY:CI->O           3   0.253   0.289  Mcompar_GND_1_o_GND_1_o_LessThan_40_o_cy<8> (Mcompar_GND_1_o_GND_1_o_LessThan_40_o_cy<8>)
     DSP48E1:A2->P0        1   2.823   0.683  Mmult_GND_1_o_GND_1_o_MuLt_43_OUT (GND_1_o_GND_1_o_MuLt_43_OUT<0>)
     LUT5:I0->O            1   0.097   0.000  Mcompar_GND_1_o_GND_1_o_LessThan_45_o_lut<0> (Mcompar_GND_1_o_GND_1_o_LessThan_45_o_lut<0>)
     MUXCY:S->O            1   0.353   0.000  Mcompar_GND_1_o_GND_1_o_LessThan_45_o_cy<0> (Mcompar_GND_1_o_GND_1_o_LessThan_45_o_cy<0>)
     MUXCY:CI->O           1   0.023   0.000  Mcompar_GND_1_o_GND_1_o_LessThan_45_o_cy<1> (Mcompar_GND_1_o_GND_1_o_LessThan_45_o_cy<1>)
     MUXCY:CI->O           1   0.023   0.000  Mcompar_GND_1_o_GND_1_o_LessThan_45_o_cy<2> (Mcompar_GND_1_o_GND_1_o_LessThan_45_o_cy<2>)
     MUXCY:CI->O           1   0.023   0.000  Mcompar_GND_1_o_GND_1_o_LessThan_45_o_cy<3> (Mcompar_GND_1_o_GND_1_o_LessThan_45_o_cy<3>)
     MUXCY:CI->O           1   0.023   0.000  Mcompar_GND_1_o_GND_1_o_LessThan_45_o_cy<4> (Mcompar_GND_1_o_GND_1_o_LessThan_45_o_cy<4>)
     MUXCY:CI->O           1   0.023   0.000  Mcompar_GND_1_o_GND_1_o_LessThan_45_o_cy<5> (Mcompar_GND_1_o_GND_1_o_LessThan_45_o_cy<5>)
     MUXCY:CI->O           1   0.023   0.000  Mcompar_GND_1_o_GND_1_o_LessThan_45_o_cy<6> (Mcompar_GND_1_o_GND_1_o_LessThan_45_o_cy<6>)
     MUXCY:CI->O           1   0.023   0.000  Mcompar_GND_1_o_GND_1_o_LessThan_45_o_cy<7> (Mcompar_GND_1_o_GND_1_o_LessThan_45_o_cy<7>)
     MUXCY:CI->O           1   0.253   0.279  Mcompar_GND_1_o_GND_1_o_LessThan_45_o_cy<8> (out_1_OBUF)
     OBUF:I->O                 0.000          out_1_OBUF (out<1>)
    ----------------------------------------
    Total                     43.998ns (34.175ns logic, 9.823ns route)
                                       (77.7% logic, 22.3% route)

=========================================================================

Cross Clock Domains Report:
--------------------------

=========================================================================


Total REAL time to Xst completion: 9.00 secs
Total CPU time to Xst completion: 8.35 secs
 
--> 

Total memory usage is 4622584 kilobytes

Number of errors   :    0 (   0 filtered)
Number of warnings :    0 (   0 filtered)
Number of infos    :    0 (   0 filtered)

